<?xml version="1.0" encoding="UTF-8"?>
<!-- Generated by org.testng.reporters.JUnitXMLReporter -->
<testsuite hostname="Josephs-MBP" ignored="0" name="Default test" tests="5" failures="0" timestamp="2022-01-21T12:08:46 EST" time="2.714" errors="0">
  <testcase name="getDataApi" time="1.497" classname="sampleTest.TS_001_CRUD_Devqa_Example"/>
  <testcase name="postDataApi" time="0.209" classname="sampleTest.TS_001_CRUD_Devqa_Example"/>
  <testcase name="putDataApi" time="0.166" classname="sampleTest.TS_001_CRUD_Devqa_Example"/>
  <testcase name="patchDataApi" time="0.158" classname="sampleTest.TS_001_CRUD_Devqa_Example"/>
  <testcase name="deleteDataApi" time="0.154" classname="sampleTest.TS_001_CRUD_Devqa_Example"/>
</testsuite> <!-- Default test -->
