<?xml version="1.0" encoding="UTF-8"?>
<!-- Generated by org.testng.reporters.JUnitXMLReporter -->
<testsuite hostname="Josephs-MBP" ignored="0" name="Default test" tests="6" failures="0" timestamp="2022-01-21T18:48:46 EST" time="2.839" errors="0">
  <testcase name="getDataApi" time="1.53" classname="sampleTest.TS_001_CRUD_Devqa_Example"/>
  <testcase name="postDataApi" time="0.181" classname="sampleTest.TS_001_CRUD_Devqa_Example"/>
  <testcase name="putDataApi" time="0.158" classname="sampleTest.TS_001_CRUD_Devqa_Example"/>
  <testcase name="patchDataApi" time="0.143" classname="sampleTest.TS_001_CRUD_Devqa_Example"/>
  <testcase name="getDataLastApi" time="0.137" classname="sampleTest.TS_001_CRUD_Devqa_Example"/>
  <testcase name="deleteDataApi" time="0.164" classname="sampleTest.TS_001_CRUD_Devqa_Example"/>
</testsuite> <!-- Default test -->
