<?xml version="1.0" encoding="UTF-8"?>
<testng-results skipped="0" failed="0" ignored="0" total="5" passed="5">
  <reporter-output>
  </reporter-output>
  <suite name="Default suite" duration-ms="2714" started-at="2022-01-21T12:08:43 EST" finished-at="2022-01-21T12:08:46 EST">
    <groups>
    </groups>
    <test name="Default test" duration-ms="2714" started-at="2022-01-21T12:08:43 EST" finished-at="2022-01-21T12:08:46 EST">
      <class name="sampleTest.TS_001_CRUD_Devqa_Example">
        <test-method status="PASS" signature="beforeClass()[pri:0, instance:sampleTest.TS_001_CRUD_Devqa_Example@5427c60c]" name="beforeClass" is-config="true" duration-ms="486" started-at="2022-01-21T12:08:44 EST" finished-at="2022-01-21T12:08:44 EST">
          <reporter-output>
          </reporter-output>
        </test-method> <!-- beforeClass -->
        <test-method status="PASS" signature="getDataApi()[pri:1, instance:sampleTest.TS_001_CRUD_Devqa_Example@5427c60c]" name="getDataApi" duration-ms="1497" started-at="2022-01-21T12:08:44 EST" finished-at="2022-01-21T12:08:45 EST">
          <reporter-output>
          </reporter-output>
        </test-method> <!-- getDataApi -->
        <test-method status="PASS" signature="postDataApi()[pri:2, instance:sampleTest.TS_001_CRUD_Devqa_Example@5427c60c]" name="postDataApi" duration-ms="209" started-at="2022-01-21T12:08:46 EST" finished-at="2022-01-21T12:08:46 EST">
          <reporter-output>
          </reporter-output>
        </test-method> <!-- postDataApi -->
        <test-method status="PASS" signature="putDataApi()[pri:3, instance:sampleTest.TS_001_CRUD_Devqa_Example@5427c60c]" name="putDataApi" duration-ms="166" started-at="2022-01-21T12:08:46 EST" finished-at="2022-01-21T12:08:46 EST">
          <reporter-output>
          </reporter-output>
        </test-method> <!-- putDataApi -->
        <test-method status="PASS" signature="patchDataApi()[pri:4, instance:sampleTest.TS_001_CRUD_Devqa_Example@5427c60c]" name="patchDataApi" duration-ms="158" started-at="2022-01-21T12:08:46 EST" finished-at="2022-01-21T12:08:46 EST">
          <reporter-output>
          </reporter-output>
        </test-method> <!-- patchDataApi -->
        <test-method status="PASS" signature="deleteDataApi()[pri:5, instance:sampleTest.TS_001_CRUD_Devqa_Example@5427c60c]" name="deleteDataApi" duration-ms="154" started-at="2022-01-21T12:08:46 EST" finished-at="2022-01-21T12:08:46 EST">
          <reporter-output>
          </reporter-output>
        </test-method> <!-- deleteDataApi -->
      </class> <!-- sampleTest.TS_001_CRUD_Devqa_Example -->
    </test> <!-- Default test -->
  </suite> <!-- Default suite -->
</testng-results>
